<?xml version="1.0" encoding="UTF-8"?>
<!-- Generated by org.testng.reporters.JUnitXMLReporter -->
<testsuite hostname="EXIPC0060" ignored="1" name="Test(failed)" tests="2" failures="0" timestamp="13 Jun 2021 15:11:41 GMT" time="61.304" errors="0">
  <testcase name="jira" time="34.962" classname="org.Ex2FW.jiratickets"/>
  <testcase name="jira" time="25.637" classname="org.Ex2FW.getWeather"/>
  <testcase name="@AfterTest destroyDriver" time="0.0" classname="org.Ex2FW.base">
    <ignored/>
  </testcase> <!-- @AfterTest destroyDriver -->
</testsuite> <!-- Test(failed) -->
