<?xml version="1.0" encoding="UTF-8"?>
<!-- Generated by org.testng.reporters.JUnitXMLReporter -->
<testsuite ignored="1" hostname="EXIPC0241" failures="0" tests="2" name="Test2" time="73.764" errors="0" timestamp="2021-09-05T11:26:47 IST">
  <testcase classname="org.Ex2FW.jiratickets" name="jira" time="36.663"/>
  <testcase classname="org.Ex2FW.DanRyanTest1" name="Test1" time="37.065"/>
  <testcase classname="org.Ex2FW.base" name="@AfterTest destroyDriver" time="0.0">
    <ignored/>
  </testcase> <!-- @AfterTest destroyDriver -->
</testsuite> <!-- Test2 -->
