<?xml version="1.0" encoding="UTF-8"?>
<!-- Generated by org.testng.reporters.JUnitXMLReporter -->
<testsuite ignored="0" hostname="EXIPC0241" failures="1" tests="2" name="Test1" time="18.377" errors="0" timestamp="2021-09-05T11:40:08 IST">
  <testcase classname="org.Ex2FW.getWeather" name="jira" time="14.924">
    <failure type="java.lang.NullPointerException" message="Cannot invoke &amp;quot;org.openqa.selenium.WebElement.getText()&amp;quot; because the return value of &amp;quot;org.openqa.selenium.WebDriver.findElement(org.openqa.selenium.By)&amp;quot; is null">
      <![CDATA[java.lang.NullPointerException: Cannot invoke "org.openqa.selenium.WebElement.getText()" because the return value of "org.openqa.selenium.WebDriver.findElement(org.openqa.selenium.By)" is null
at org.Ex2FW.getWeather.jira(getWeather.java:23)
at java.base/java.util.ArrayList.forEach(ArrayList.java:1511)
at java.base/java.util.concurrent.FutureTask.run(FutureTask.java:264)
at java.base/java.util.concurrent.ThreadPoolExecutor.runWorker(ThreadPoolExecutor.java:1130)
at java.base/java.util.concurrent.ThreadPoolExecutor$Worker.run(ThreadPoolExecutor.java:630)
at java.base/java.lang.Thread.run(Thread.java:831)
... Removed 18 stack frames]]>
    </failure>
  </testcase> <!-- jira -->
  <testcase classname="org.Ex2FW.ApiTest1" name="testResponsecode" time="3.403"/>
</testsuite> <!-- Test1 -->
