<?xml version="1.0" encoding="UTF-8"?>
<!-- Generated by org.testng.reporters.JUnitXMLReporter -->
<testsuite hostname="EXIPC0060" ignored="4" name="Test" tests="4" failures="0" timestamp="15 Jun 2021 07:49:19 GMT" time="101.748" errors="0">
  <testcase name="jira" time="36.573" classname="org.Ex2FW.jiratickets"/>
  <testcase name="jira" time="30.809" classname="org.Ex2FW.getWeather"/>
  <testcase name="testResponsecode" time="3.832" classname="org.Ex2FW.ApiTest1"/>
  <testcase name="Test1" time="30.483" classname="org.Ex2FW.DanRyanTest1"/>
  <testcase name="@AfterSuite destroyDriver" time="0.0" classname="org.Ex2FW.base">
    <ignored/>
  </testcase> <!-- @AfterSuite destroyDriver -->
  <testcase name="@AfterSuite destroyDriver" time="0.0" classname="org.Ex2FW.base">
    <ignored/>
  </testcase> <!-- @AfterSuite destroyDriver -->
  <testcase name="@BeforeSuite initDriver" time="0.0" classname="org.Ex2FW.base">
    <ignored/>
  </testcase> <!-- @BeforeSuite initDriver -->
  <testcase name="@BeforeSuite initDriver" time="0.0" classname="org.Ex2FW.base">
    <ignored/>
  </testcase> <!-- @BeforeSuite initDriver -->
</testsuite> <!-- Test -->
